{"level":"info","message":"OPTIONS /user/me 204 0 - 2.901 ms - body:{} - query:{} - params:{}","service":"express-api","timestamp":"2025-12-31 15:41:07"}
{"level":"info","message":"OPTIONS /admin/dashboard-stats 204 0 - 0.134 ms - body:{} - query:{} - params:{}","service":"express-api","timestamp":"2025-12-31 15:41:07"}
{"level":"info","message":"OPTIONS /admin/unread-feedbacks?page=1&limit=10 204 0 - 0.111 ms - body:{} - query:{\"page\":\"1\",\"limit\":\"10\"} - params:{}","service":"express-api","timestamp":"2025-12-31 15:41:07"}
{"level":"info","message":"OPTIONS /user/me 204 0 - 0.115 ms - body:{} - query:{} - params:{}","service":"express-api","timestamp":"2025-12-31 15:41:07"}
{"level":"info","message":"OPTIONS /admin/dashboard-stats 204 0 - 0.092 ms - body:{} - query:{} - params:{}","service":"express-api","timestamp":"2025-12-31 15:41:07"}
{"level":"info","message":"OPTIONS /admin/unread-feedbacks?page=1&limit=10 204 0 - 0.164 ms - body:{} - query:{\"page\":\"1\",\"limit\":\"10\"} - params:{}","service":"express-api","timestamp":"2025-12-31 15:41:07"}
{"level":"info","message":"GET /user/me 304 - - 75.257 ms - body:{} - query:{} - params:{}","service":"express-api","timestamp":"2025-12-31 15:41:07"}
{"level":"info","message":"GET /admin/unread-feedbacks?page=1&limit=10 304 - - 128.968 ms - body:{} - query:{\"page\":\"1\",\"limit\":\"10\"} - params:{}","service":"express-api","timestamp":"2025-12-31 15:41:07"}
{"level":"info","message":"GET /user/me 304 - - 93.688 ms - body:{} - query:{} - params:{}","service":"express-api","timestamp":"2025-12-31 15:41:07"}
{"level":"info","message":"GET /admin/dashboard-stats 304 - - 189.429 ms - body:{} - query:{} - params:{}","service":"express-api","timestamp":"2025-12-31 15:41:07"}
{"level":"info","message":"GET /admin/unread-feedbacks?page=1&limit=10 304 - - 133.142 ms - body:{} - query:{\"page\":\"1\",\"limit\":\"10\"} - params:{}","service":"express-api","timestamp":"2025-12-31 15:41:07"}
{"level":"info","message":"GET /admin/dashboard-stats 304 - - 224.607 ms - body:{} - query:{} - params:{}","service":"express-api","timestamp":"2025-12-31 15:41:07"}
{"level":"info","message":"OPTIONS /admin/read-feedbacks?page=1&limit=10 204 0 - 0.102 ms - body:{} - query:{\"page\":\"1\",\"limit\":\"10\"} - params:{}","service":"express-api","timestamp":"2025-12-31 15:41:47"}
{"level":"info","message":"GET /admin/read-feedbacks?page=1&limit=10 304 - - 72.655 ms - body:{} - query:{\"page\":\"1\",\"limit\":\"10\"} - params:{}","service":"express-api","timestamp":"2025-12-31 15:41:47"}
{"level":"info","message":"OPTIONS /user/sendfeedback 204 0 - 0.071 ms - body:{} - query:{} - params:{}","service":"express-api","timestamp":"2025-12-31 15:42:04"}
{"level":"info","message":"POST /user/sendfeedback 200 143 - 45.600 ms - body:{\"message\":\"hi\\n\"} - query:{} - params:{}","service":"express-api","timestamp":"2025-12-31 15:42:04"}
{"level":"info","message":"OPTIONS /admin/dashboard-stats 204 0 - 0.092 ms - body:{} - query:{} - params:{}","service":"express-api","timestamp":"2025-12-31 15:42:05"}
{"level":"info","message":"OPTIONS /admin/unread-feedbacks?page=1&limit=10 204 0 - 0.104 ms - body:{} - query:{\"page\":\"1\",\"limit\":\"10\"} - params:{}","service":"express-api","timestamp":"2025-12-31 15:42:05"}
{"level":"info","message":"OPTIONS /admin/dashboard-stats 204 0 - 0.298 ms - body:{} - query:{} - params:{}","service":"express-api","timestamp":"2025-12-31 15:42:05"}
{"level":"info","message":"OPTIONS /admin/unread-feedbacks?page=1&limit=10 204 0 - 0.090 ms - body:{} - query:{\"page\":\"1\",\"limit\":\"10\"} - params:{}","service":"express-api","timestamp":"2025-12-31 15:42:05"}
{"level":"info","message":"GET /admin/unread-feedbacks?page=1&limit=10 200 194 - 86.579 ms - body:{} - query:{\"page\":\"1\",\"limit\":\"10\"} - params:{}","service":"express-api","timestamp":"2025-12-31 15:42:06"}
{"level":"info","message":"GET /admin/dashboard-stats 200 567 - 109.225 ms - body:{} - query:{} - params:{}","service":"express-api","timestamp":"2025-12-31 15:42:06"}
{"level":"info","message":"GET /admin/unread-feedbacks?page=1&limit=10 304 - - 38.826 ms - body:{} - query:{\"page\":\"1\",\"limit\":\"10\"} - params:{}","service":"express-api","timestamp":"2025-12-31 15:42:06"}
{"level":"info","message":"GET /admin/dashboard-stats 304 - - 45.972 ms - body:{} - query:{} - params:{}","service":"express-api","timestamp":"2025-12-31 15:42:06"}
{"level":"info","message":"OPTIONS /admin/markAsReaded 204 0 - 0.083 ms - body:{} - query:{} - params:{}","service":"express-api","timestamp":"2025-12-31 15:42:07"}
{"level":"info","message":"PATCH /admin/markAsReaded 200 182 - 55.007 ms - body:{\"id\":\"6954f6f4c3c057e535f2e6bb\"} - query:{} - params:{}","service":"express-api","timestamp":"2025-12-31 15:42:07"}
{"level":"info","message":"GET /admin/unread-feedbacks?page=1&limit=10 200 60 - 43.154 ms - body:{} - query:{\"page\":\"1\",\"limit\":\"10\"} - params:{}","service":"express-api","timestamp":"2025-12-31 15:42:07"}
{"level":"info","message":"GET /admin/dashboard-stats 200 567 - 62.186 ms - body:{} - query:{} - params:{}","service":"express-api","timestamp":"2025-12-31 15:42:07"}
